<?xml version="1.0" encoding="UTF-8"?>
<!-- Generated by org.testng.reporters.JUnitReportReporter -->
<testsuite hostname="DESKTOP-P2RM02V" failures="0" tests="7" name="com.sgtesting.dataprovider.Scenario3" time="32.369" errors="0" timestamp="2022-04-24T08:05:24 IST" skipped="0">
  <testcase classname="com.sgtesting.dataprovider.Scenario3" name="launch" time="7.273"/>
  <system-out/>
  <testcase classname="com.sgtesting.dataprovider.Scenario3" name="navigate" time="0.813"/>
  <system-out/>
  <testcase classname="com.sgtesting.dataprovider.Scenario3" name="login" time="5.397"/>
  <system-out/>
  <testcase classname="com.sgtesting.dataprovider.Scenario3" name="createcust" time="9.332"/>
  <system-out/>
  <testcase classname="com.sgtesting.dataprovider.Scenario3" name="deletecust" time="5.862"/>
  <system-out/>
  <testcase classname="com.sgtesting.dataprovider.Scenario3" name="logout" time="2.353"/>
  <system-out/>
  <testcase classname="com.sgtesting.dataprovider.Scenario3" name="closeApp" time="1.339"/>
  <system-out/>
</testsuite> <!-- com.sgtesting.dataprovider.Scenario3 -->
