<?xml version="1.0" encoding="UTF-8"?>
<!-- Generated by org.testng.reporters.JUnitReportReporter -->
<testsuite hostname="DESKTOP-P2RM02V" failures="0" tests="7" name="com.sgtesting.dataprovider.Scenario1" time="32.502" errors="0" timestamp="2022-05-06T11:15:10 IST" skipped="0">
  <testcase classname="com.sgtesting.dataprovider.Scenario1" name="launch" time="7.246"/>
  <system-out/>
  <testcase classname="com.sgtesting.dataprovider.Scenario1" name="navigate" time="3.541"/>
  <system-out/>
  <testcase classname="com.sgtesting.dataprovider.Scenario1" name="login" time="3.088"/>
  <system-out/>
  <testcase classname="com.sgtesting.dataprovider.Scenario1" name="createUser" time="9.525"/>
  <system-out/>
  <testcase classname="com.sgtesting.dataprovider.Scenario1" name="deleteUser" time="6.250"/>
  <system-out/>
  <testcase classname="com.sgtesting.dataprovider.Scenario1" name="logout" time="2.326"/>
  <system-out/>
  <testcase classname="com.sgtesting.dataprovider.Scenario1" name="closeApp" time="0.526"/>
  <system-out/>
</testsuite> <!-- com.sgtesting.dataprovider.Scenario1 -->
