<?xml version="1.0" encoding="UTF-8"?>
<!-- Generated by org.testng.reporters.JUnitReportReporter -->
<testsuite hostname="DESKTOP-P2RM02V" failures="0" tests="10" name="com.sgtesting.dataprovider.Scenario6" time="50.824" errors="0" timestamp="2022-04-24T08:05:24 IST" skipped="0">
  <testcase classname="com.sgtesting.dataprovider.Scenario6" name="launch" time="4.109"/>
  <system-out/>
  <testcase classname="com.sgtesting.dataprovider.Scenario6" name="navigate" time="0.502"/>
  <system-out/>
  <testcase classname="com.sgtesting.dataprovider.Scenario6" name="login" time="5.231"/>
  <system-out/>
  <testcase classname="com.sgtesting.dataprovider.Scenario6" name="createcust" time="9.302"/>
  <system-out/>
  <testcase classname="com.sgtesting.dataprovider.Scenario6" name="createproject" time="6.943"/>
  <system-out/>
  <testcase classname="com.sgtesting.dataprovider.Scenario6" name="modifyproject" time="8.613"/>
  <system-out/>
  <testcase classname="com.sgtesting.dataprovider.Scenario6" name="deleteproj" time="6.588"/>
  <system-out/>
  <testcase classname="com.sgtesting.dataprovider.Scenario6" name="deletecust" time="5.780"/>
  <system-out/>
  <testcase classname="com.sgtesting.dataprovider.Scenario6" name="logout" time="2.348"/>
  <system-out/>
  <testcase classname="com.sgtesting.dataprovider.Scenario6" name="closeApp" time="1.408"/>
  <system-out/>
</testsuite> <!-- com.sgtesting.dataprovider.Scenario6 -->
