<?xml version="1.0" encoding="UTF-8"?>
<!-- Generated by org.testng.reporters.JUnitReportReporter -->
<testsuite hostname="DESKTOP-P2RM02V" failures="0" tests="11" name="com.sgtesting.dataprovider.Scenario7" time="52.097" errors="0" timestamp="2022-04-24T08:05:24 IST" skipped="0">
  <testcase classname="com.sgtesting.dataprovider.Scenario7" name="launch" time="4.093"/>
  <system-out/>
  <testcase classname="com.sgtesting.dataprovider.Scenario7" name="navigate" time="0.549"/>
  <system-out/>
  <testcase classname="com.sgtesting.dataprovider.Scenario7" name="login" time="5.311"/>
  <system-out/>
  <testcase classname="com.sgtesting.dataprovider.Scenario7" name="createcust" time="9.297"/>
  <system-out/>
  <testcase classname="com.sgtesting.dataprovider.Scenario7" name="createproject" time="6.890"/>
  <system-out/>
  <testcase classname="com.sgtesting.dataprovider.Scenario7" name="createtask" time="5.614"/>
  <system-out/>
  <testcase classname="com.sgtesting.dataprovider.Scenario7" name="deletetask" time="4.353"/>
  <system-out/>
  <testcase classname="com.sgtesting.dataprovider.Scenario7" name="deleteproj" time="6.623"/>
  <system-out/>
  <testcase classname="com.sgtesting.dataprovider.Scenario7" name="deletecust" time="5.810"/>
  <system-out/>
  <testcase classname="com.sgtesting.dataprovider.Scenario7" name="logout" time="2.344"/>
  <system-out/>
  <testcase classname="com.sgtesting.dataprovider.Scenario7" name="closeApp" time="1.213"/>
  <system-out/>
</testsuite> <!-- com.sgtesting.dataprovider.Scenario7 -->
