<?xml version="1.0" encoding="UTF-8"?>
<!-- Generated by org.testng.reporters.JUnitReportReporter -->
<testsuite hostname="DESKTOP-P2RM02V" failures="0" tests="3" name="com.sgtesting.trial.Generics" time="15.379" errors="0" timestamp="2022-04-25T15:02:53 IST" skipped="0">
  <testcase classname="com.sgtesting.trial.Generics" name="launch" time="10.104"/>
  <system-out/>
  <testcase classname="com.sgtesting.trial.Generics" name="navigate" time="2.286"/>
  <system-out/>
  <testcase classname="com.sgtesting.trial.Generics" name="login" time="2.989"/>
  <system-out/>
</testsuite> <!-- com.sgtesting.trial.Generics -->
