<?xml version="1.0" encoding="UTF-8"?>
<!-- Generated by org.testng.reporters.JUnitReportReporter -->
<testsuite hostname="DESKTOP-P2RM02V" failures="0" tests="9" name="com.sgtesting.dataprovider.Scenario5" time="43.218" errors="0" timestamp="2022-04-24T08:05:24 IST" skipped="0">
  <testcase classname="com.sgtesting.dataprovider.Scenario5" name="launch" time="4.665"/>
  <system-out/>
  <testcase classname="com.sgtesting.dataprovider.Scenario5" name="navigate" time="0.547"/>
  <system-out/>
  <testcase classname="com.sgtesting.dataprovider.Scenario5" name="login" time="5.594"/>
  <system-out/>
  <testcase classname="com.sgtesting.dataprovider.Scenario5" name="createcust" time="9.266"/>
  <system-out/>
  <testcase classname="com.sgtesting.dataprovider.Scenario5" name="createproject" time="6.860"/>
  <system-out/>
  <testcase classname="com.sgtesting.dataprovider.Scenario5" name="deleteproj" time="6.614"/>
  <system-out/>
  <testcase classname="com.sgtesting.dataprovider.Scenario5" name="deletecust" time="5.855"/>
  <system-out/>
  <testcase classname="com.sgtesting.dataprovider.Scenario5" name="logout" time="2.354"/>
  <system-out/>
  <testcase classname="com.sgtesting.dataprovider.Scenario5" name="closeApp" time="1.463"/>
  <system-out/>
</testsuite> <!-- com.sgtesting.dataprovider.Scenario5 -->
