<?xml version="1.0" encoding="UTF-8"?>
<!-- Generated by org.testng.reporters.JUnitReportReporter -->
<testsuite hostname="DESKTOP-P2RM02V" failures="0" tests="8" name="com.sgtesting.dataprovider.Scenario2" time="25.060" errors="0" timestamp="2022-04-24T08:05:24 IST" skipped="0">
  <testcase classname="com.sgtesting.dataprovider.Scenario2" name="launch" time="4.644"/>
  <system-out/>
  <testcase classname="com.sgtesting.dataprovider.Scenario2" name="navigate" time="4.857"/>
  <system-out/>
  <testcase classname="com.sgtesting.dataprovider.Scenario2" name="login" time="2.742"/>
  <system-out/>
  <testcase classname="com.sgtesting.dataprovider.Scenario2" name="createUser" time="5.662"/>
  <system-out/>
  <testcase classname="com.sgtesting.dataprovider.Scenario2" name="modifyuser" time="4.437"/>
  <system-out/>
  <testcase classname="com.sgtesting.dataprovider.Scenario2" name="deleteUser" time="1.150"/>
  <system-out/>
  <testcase classname="com.sgtesting.dataprovider.Scenario2" name="logout" time="1.146"/>
  <system-out/>
  <testcase classname="com.sgtesting.dataprovider.Scenario2" name="closeApp" time="0.422"/>
  <system-out/>
</testsuite> <!-- com.sgtesting.dataprovider.Scenario2 -->
