<?xml version="1.0" encoding="UTF-8"?>
<!-- Generated by org.testng.reporters.JUnitReportReporter -->
<testsuite hostname="DESKTOP-P2RM02V" failures="0" tests="8" name="com.sgtesting.dataprovider.Scenario4" time="35.109" errors="0" timestamp="2022-04-24T08:05:24 IST" skipped="0">
  <testcase classname="com.sgtesting.dataprovider.Scenario4" name="launch" time="4.740"/>
  <system-out/>
  <testcase classname="com.sgtesting.dataprovider.Scenario4" name="navigate" time="0.726"/>
  <system-out/>
  <testcase classname="com.sgtesting.dataprovider.Scenario4" name="login" time="5.263"/>
  <system-out/>
  <testcase classname="com.sgtesting.dataprovider.Scenario4" name="createcust" time="9.288"/>
  <system-out/>
  <testcase classname="com.sgtesting.dataprovider.Scenario4" name="modifycust" time="5.506"/>
  <system-out/>
  <testcase classname="com.sgtesting.dataprovider.Scenario4" name="deletecust" time="5.827"/>
  <system-out/>
  <testcase classname="com.sgtesting.dataprovider.Scenario4" name="logout" time="2.375"/>
  <system-out/>
  <testcase classname="com.sgtesting.dataprovider.Scenario4" name="closeApp" time="1.384"/>
  <system-out/>
</testsuite> <!-- com.sgtesting.dataprovider.Scenario4 -->
